<?xml version="1.0" encoding="UTF-8"?>
<testng-results ignored="0" total="2" passed="2" failed="0" skipped="0">
  <reporter-output>
  </reporter-output>
  <suite started-at="2024-08-30T12:18:31 IST" name="Default suite" finished-at="2024-08-30T12:18:31 IST" duration-ms="80">
    <groups>
    </groups>
    <test started-at="2024-08-30T12:18:31 IST" name="Default test" finished-at="2024-08-30T12:18:31 IST" duration-ms="80">
      <class name="Pac2.Org">
        <test-method signature="creatOrgTest()[pri:0, instance:Pac2.Org@1613674b]" started-at="2024-08-30T12:18:31 IST" name="creatOrgTest" finished-at="2024-08-30T12:18:31 IST" duration-ms="13" status="PASS">
          <reporter-output>
          </reporter-output>
        </test-method> <!-- creatOrgTest -->
        <test-method signature="modifyOrgTest()[pri:0, instance:Pac2.Org@1613674b]" started-at="2024-08-30T12:18:31 IST" name="modifyOrgTest" finished-at="2024-08-30T12:18:31 IST" duration-ms="2" status="PASS">
          <reporter-output>
          </reporter-output>
        </test-method> <!-- modifyOrgTest -->
      </class> <!-- Pac2.Org -->
    </test> <!-- Default test -->
  </suite> <!-- Default suite -->
</testng-results>
