<?xml version="1.0" encoding="UTF-8"?>
<!-- Generated by org.testng.reporters.JUnitXMLReporter -->
<testsuite ignored="0" hostname="LAPTOP-AG5AQ5SQ" failures="0" tests="4" name="Test" time="0.059" errors="0" timestamp="2024-09-03T10:40:17 IST">
  <testcase classname="Pac1.ContactTest" name="createcontactTest" time="0.006"/>
  <testcase classname="Pac1.ContactTest" name="modifycontactTest" time="0.0"/>
  <testcase classname="Pac2.OrgTest" name="creatOrgTest" time="0.001"/>
  <testcase classname="Pac2.OrgTest" name="modifyOrgTest" time="0.0"/>
</testsuite> <!-- Test -->
