<?xml version="1.0" encoding="UTF-8"?>
<testng-results ignored="0" total="4" passed="4" failed="0" skipped="0">
  <reporter-output>
  </reporter-output>
  <suite started-at="2024-09-03T10:40:17 IST" name="Suite" finished-at="2024-09-03T10:40:17 IST" duration-ms="59">
    <groups>
    </groups>
    <test started-at="2024-09-03T10:40:17 IST" name="Test" finished-at="2024-09-03T10:40:17 IST" duration-ms="59">
      <class name="Pac1.ContactTest">
        <test-method signature="createcontactTest()[pri:0, instance:Pac1.ContactTest@4e268090]" started-at="2024-09-03T10:40:17 IST" name="createcontactTest" finished-at="2024-09-03T10:40:17 IST" duration-ms="6" status="PASS">
          <reporter-output>
          </reporter-output>
        </test-method> <!-- createcontactTest -->
        <test-method signature="modifycontactTest()[pri:0, instance:Pac1.ContactTest@4e268090]" started-at="2024-09-03T10:40:17 IST" name="modifycontactTest" finished-at="2024-09-03T10:40:17 IST" duration-ms="0" status="PASS">
          <reporter-output>
          </reporter-output>
        </test-method> <!-- modifycontactTest -->
      </class> <!-- Pac1.ContactTest -->
      <class name="Pac2.OrgTest">
        <test-method signature="creatOrgTest()[pri:0, instance:Pac2.OrgTest@1bb266b3]" started-at="2024-09-03T10:40:17 IST" name="creatOrgTest" finished-at="2024-09-03T10:40:17 IST" duration-ms="1" status="PASS">
          <reporter-output>
          </reporter-output>
        </test-method> <!-- creatOrgTest -->
        <test-method signature="modifyOrgTest()[pri:0, instance:Pac2.OrgTest@1bb266b3]" started-at="2024-09-03T10:40:17 IST" name="modifyOrgTest" finished-at="2024-09-03T10:40:17 IST" duration-ms="0" status="PASS">
          <reporter-output>
          </reporter-output>
        </test-method> <!-- modifyOrgTest -->
      </class> <!-- Pac2.OrgTest -->
    </test> <!-- Test -->
  </suite> <!-- Suite -->
</testng-results>
