<?xml version="1.0" encoding="UTF-8"?>
<testsuite xmlns:xsi="http://www.w3.org/2001/XMLSchema-instance" xsi:noNamespaceSchemaLocation="https://maven.apache.org/surefire/maven-surefire-plugin/xsd/surefire-test-report.xsd" version="3.0.2" name="TestSuite" time="0.789" tests="4" errors="0" skipped="0" failures="0">
  <properties>
[...]
</properties>
  <testcase name="createcontactTest" classname="Pac1.ContactTest" time="0.016">
    <system-out><![CDATA[http://testenv.com
chrome
admin
admin
Execute createcontactTest
]]></system-out>
  </testcase>
  <testcase name="modifycontactTest" classname="Pac1.ContactTest" time="0.002">
    <system-out><![CDATA[Execute modifycontactTest
]]></system-out>
  </testcase>
  <testcase name="creatOrgTest" classname="Pac2.OrgTest" time="0.002">
    <system-out><![CDATA[Execute createOrgTest
]]></system-out>
  </testcase>
  <testcase name="modifyOrgTest" classname="Pac2.OrgTest" time="0.001">
    <system-out><![CDATA[Execute OrgTest
]]></system-out>
  </testcase>
</testsuite>