<?xml version="1.0" encoding="UTF-8"?>
<!-- Generated by org.testng.reporters.JUnitXMLReporter -->
<testsuite ignored="0" hostname="LAPTOP-AG5AQ5SQ" failures="0" tests="4" name="Surefire test" time="0.089" errors="0" timestamp="2024-08-30T14:28:11 IST">
  <testcase classname="Pac1.ContactTest" name="createcontactTest" time="0.008"/>
  <testcase classname="Pac1.ContactTest" name="modifycontactTest" time="0.001"/>
  <testcase classname="Pac2.OrgTest" name="creatOrgTest" time="0.001"/>
  <testcase classname="Pac2.OrgTest" name="modifyOrgTest" time="0.001"/>
</testsuite> <!-- Surefire test -->
